Started GET "/" for ::1 at 2016-07-28 12:46:00 -0700
DEPRECATION WARNING: ActiveRecord::Base.raise_in_transactional_callbacks= is deprecated, has no effect and will be removed without replacement. (called from raise_in_transactional_callbacks= at /Users/vkatz/.rbenv/versions/2.3.0/lib/ruby/gems/2.3.0/gems/activerecord-5.0.0/lib/active_record/transactions.rb:283)
  
Gem::LoadError (Specified 'sqlite3' for database adapter, but the gem is not loaded. Add `gem 'sqlite3'` to your Gemfile (and ensure its version is at the minimum required by ActiveRecord).):
  
activerecord (5.0.0) lib/active_record/connection_adapters/connection_specification.rb:176:in `rescue in spec'
activerecord (5.0.0) lib/active_record/connection_adapters/connection_specification.rb:173:in `spec'
activerecord (5.0.0) lib/active_record/connection_handling.rb:53:in `establish_connection'
activerecord (5.0.0) lib/active_record/railtie.rb:125:in `block (2 levels) in <class:Railtie>'
activesupport (5.0.0) lib/active_support/lazy_load_hooks.rb:38:in `instance_eval'
activesupport (5.0.0) lib/active_support/lazy_load_hooks.rb:38:in `execute_hook'
activesupport (5.0.0) lib/active_support/lazy_load_hooks.rb:45:in `block in run_load_hooks'
activesupport (5.0.0) lib/active_support/lazy_load_hooks.rb:44:in `each'
activesupport (5.0.0) lib/active_support/lazy_load_hooks.rb:44:in `run_load_hooks'
activerecord (5.0.0) lib/active_record/base.rb:324:in `<module:ActiveRecord>'
activerecord (5.0.0) lib/active_record/base.rb:24:in `<top (required)>'
activesupport (5.0.0) lib/active_support/dependencies.rb:293:in `require'
activesupport (5.0.0) lib/active_support/dependencies.rb:293:in `block in require'
activesupport (5.0.0) lib/active_support/dependencies.rb:259:in `load_dependency'
activesupport (5.0.0) lib/active_support/dependencies.rb:293:in `require'
activerecord (5.0.0) lib/active_record/migration.rb:558:in `connection'
activerecord (5.0.0) lib/active_record/migration.rb:545:in `call'
actionpack (5.0.0) lib/action_dispatch/middleware/callbacks.rb:38:in `block in call'
activesupport (5.0.0) lib/active_support/callbacks.rb:97:in `__run_callbacks__'
activesupport (5.0.0) lib/active_support/callbacks.rb:750:in `_run_call_callbacks'
activesupport (5.0.0) lib/active_support/callbacks.rb:90:in `run_callbacks'
actionpack (5.0.0) lib/action_dispatch/middleware/callbacks.rb:36:in `call'
actionpack (5.0.0) lib/action_dispatch/middleware/executor.rb:12:in `call'
actionpack (5.0.0) lib/action_dispatch/middleware/remote_ip.rb:79:in `call'
actionpack (5.0.0) lib/action_dispatch/middleware/debug_exceptions.rb:49:in `call'
actionpack (5.0.0) lib/action_dispatch/middleware/show_exceptions.rb:31:in `call'
railties (5.0.0) lib/rails/rack/logger.rb:36:in `call_app'
railties (5.0.0) lib/rails/rack/logger.rb:24:in `block in call'
activesupport (5.0.0) lib/active_support/tagged_logging.rb:70:in `block in tagged'
activesupport (5.0.0) lib/active_support/tagged_logging.rb:26:in `tagged'
activesupport (5.0.0) lib/active_support/tagged_logging.rb:70:in `tagged'
railties (5.0.0) lib/rails/rack/logger.rb:24:in `call'
actionpack (5.0.0) lib/action_dispatch/middleware/request_id.rb:24:in `call'
rack (2.0.1) lib/rack/method_override.rb:22:in `call'
rack (2.0.1) lib/rack/runtime.rb:22:in `call'
activesupport (5.0.0) lib/active_support/cache/strategy/local_cache_middleware.rb:28:in `call'
actionpack (5.0.0) lib/action_dispatch/middleware/executor.rb:12:in `call'
actionpack (5.0.0) lib/action_dispatch/middleware/static.rb:136:in `call'
rack (2.0.1) lib/rack/sendfile.rb:111:in `call'
railties (5.0.0) lib/rails/engine.rb:522:in `call'
rack (2.0.1) lib/rack/handler/webrick.rb:86:in `service'
/Users/vkatz/.rbenv/versions/2.3.0/lib/ruby/2.3.0/webrick/httpserver.rb:140:in `service'
/Users/vkatz/.rbenv/versions/2.3.0/lib/ruby/2.3.0/webrick/httpserver.rb:96:in `run'
/Users/vkatz/.rbenv/versions/2.3.0/lib/ruby/2.3.0/webrick/server.rb:296:in `block in start_thread'
  Rendering /Users/vkatz/.rbenv/versions/2.3.0/lib/ruby/gems/2.3.0/gems/actionpack-5.0.0/lib/action_dispatch/middleware/templates/rescues/diagnostics.html.erb within rescues/layout
  Rendering /Users/vkatz/.rbenv/versions/2.3.0/lib/ruby/gems/2.3.0/gems/actionpack-5.0.0/lib/action_dispatch/middleware/templates/rescues/_source.html.erb
  Rendered /Users/vkatz/.rbenv/versions/2.3.0/lib/ruby/gems/2.3.0/gems/actionpack-5.0.0/lib/action_dispatch/middleware/templates/rescues/_source.html.erb (2.0ms)
  Rendering /Users/vkatz/.rbenv/versions/2.3.0/lib/ruby/gems/2.3.0/gems/actionpack-5.0.0/lib/action_dispatch/middleware/templates/rescues/_trace.html.erb
  Rendered /Users/vkatz/.rbenv/versions/2.3.0/lib/ruby/gems/2.3.0/gems/actionpack-5.0.0/lib/action_dispatch/middleware/templates/rescues/_trace.html.erb (1.1ms)
  Rendering /Users/vkatz/.rbenv/versions/2.3.0/lib/ruby/gems/2.3.0/gems/actionpack-5.0.0/lib/action_dispatch/middleware/templates/rescues/_request_and_response.html.erb
  Rendered /Users/vkatz/.rbenv/versions/2.3.0/lib/ruby/gems/2.3.0/gems/actionpack-5.0.0/lib/action_dispatch/middleware/templates/rescues/_request_and_response.html.erb (0.8ms)
  Rendered /Users/vkatz/.rbenv/versions/2.3.0/lib/ruby/gems/2.3.0/gems/actionpack-5.0.0/lib/action_dispatch/middleware/templates/rescues/diagnostics.html.erb within rescues/layout (58.7ms)
Started GET "/" for ::1 at 2016-07-28 12:46:53 -0700
  
ActiveRecord::ConnectionNotEstablished (No connection pool with id primary found.):
  
activerecord (5.0.0) lib/active_record/connection_adapters/abstract/connection_pool.rb:874:in `retrieve_connection'
activerecord (5.0.0) lib/active_record/connection_handling.rb:128:in `retrieve_connection'
activerecord (5.0.0) lib/active_record/connection_handling.rb:91:in `connection'
activerecord (5.0.0) lib/active_record/migration.rb:558:in `connection'
activerecord (5.0.0) lib/active_record/migration.rb:545:in `call'
actionpack (5.0.0) lib/action_dispatch/middleware/callbacks.rb:38:in `block in call'
activesupport (5.0.0) lib/active_support/callbacks.rb:97:in `__run_callbacks__'
activesupport (5.0.0) lib/active_support/callbacks.rb:750:in `_run_call_callbacks'
activesupport (5.0.0) lib/active_support/callbacks.rb:90:in `run_callbacks'
actionpack (5.0.0) lib/action_dispatch/middleware/callbacks.rb:36:in `call'
actionpack (5.0.0) lib/action_dispatch/middleware/executor.rb:12:in `call'
actionpack (5.0.0) lib/action_dispatch/middleware/remote_ip.rb:79:in `call'
actionpack (5.0.0) lib/action_dispatch/middleware/debug_exceptions.rb:49:in `call'
actionpack (5.0.0) lib/action_dispatch/middleware/show_exceptions.rb:31:in `call'
railties (5.0.0) lib/rails/rack/logger.rb:36:in `call_app'
railties (5.0.0) lib/rails/rack/logger.rb:24:in `block in call'
activesupport (5.0.0) lib/active_support/tagged_logging.rb:70:in `block in tagged'
activesupport (5.0.0) lib/active_support/tagged_logging.rb:26:in `tagged'
activesupport (5.0.0) lib/active_support/tagged_logging.rb:70:in `tagged'
railties (5.0.0) lib/rails/rack/logger.rb:24:in `call'
actionpack (5.0.0) lib/action_dispatch/middleware/request_id.rb:24:in `call'
rack (2.0.1) lib/rack/method_override.rb:22:in `call'
rack (2.0.1) lib/rack/runtime.rb:22:in `call'
activesupport (5.0.0) lib/active_support/cache/strategy/local_cache_middleware.rb:28:in `call'
actionpack (5.0.0) lib/action_dispatch/middleware/executor.rb:12:in `call'
actionpack (5.0.0) lib/action_dispatch/middleware/static.rb:136:in `call'
rack (2.0.1) lib/rack/sendfile.rb:111:in `call'
railties (5.0.0) lib/rails/engine.rb:522:in `call'
rack (2.0.1) lib/rack/handler/webrick.rb:86:in `service'
/Users/vkatz/.rbenv/versions/2.3.0/lib/ruby/2.3.0/webrick/httpserver.rb:140:in `service'
/Users/vkatz/.rbenv/versions/2.3.0/lib/ruby/2.3.0/webrick/httpserver.rb:96:in `run'
/Users/vkatz/.rbenv/versions/2.3.0/lib/ruby/2.3.0/webrick/server.rb:296:in `block in start_thread'
  Rendering /Users/vkatz/.rbenv/versions/2.3.0/lib/ruby/gems/2.3.0/gems/actionpack-5.0.0/lib/action_dispatch/middleware/templates/rescues/diagnostics.html.erb within rescues/layout
  Rendering /Users/vkatz/.rbenv/versions/2.3.0/lib/ruby/gems/2.3.0/gems/actionpack-5.0.0/lib/action_dispatch/middleware/templates/rescues/_source.html.erb
  Rendered /Users/vkatz/.rbenv/versions/2.3.0/lib/ruby/gems/2.3.0/gems/actionpack-5.0.0/lib/action_dispatch/middleware/templates/rescues/_source.html.erb (1.5ms)
  Rendering /Users/vkatz/.rbenv/versions/2.3.0/lib/ruby/gems/2.3.0/gems/actionpack-5.0.0/lib/action_dispatch/middleware/templates/rescues/_trace.html.erb
  Rendered /Users/vkatz/.rbenv/versions/2.3.0/lib/ruby/gems/2.3.0/gems/actionpack-5.0.0/lib/action_dispatch/middleware/templates/rescues/_trace.html.erb (1.2ms)
  Rendering /Users/vkatz/.rbenv/versions/2.3.0/lib/ruby/gems/2.3.0/gems/actionpack-5.0.0/lib/action_dispatch/middleware/templates/rescues/_request_and_response.html.erb
  Rendered /Users/vkatz/.rbenv/versions/2.3.0/lib/ruby/gems/2.3.0/gems/actionpack-5.0.0/lib/action_dispatch/middleware/templates/rescues/_request_and_response.html.erb (0.7ms)
  Rendered /Users/vkatz/.rbenv/versions/2.3.0/lib/ruby/gems/2.3.0/gems/actionpack-5.0.0/lib/action_dispatch/middleware/templates/rescues/diagnostics.html.erb within rescues/layout (51.5ms)
Started GET "/" for ::1 at 2016-07-28 12:47:21 -0700
  
ActiveRecord::ConnectionNotEstablished (No connection pool with id primary found.):
  
activerecord (5.0.0) lib/active_record/connection_adapters/abstract/connection_pool.rb:874:in `retrieve_connection'
activerecord (5.0.0) lib/active_record/connection_handling.rb:128:in `retrieve_connection'
activerecord (5.0.0) lib/active_record/connection_handling.rb:91:in `connection'
activerecord (5.0.0) lib/active_record/migration.rb:558:in `connection'
activerecord (5.0.0) lib/active_record/migration.rb:545:in `call'
actionpack (5.0.0) lib/action_dispatch/middleware/callbacks.rb:38:in `block in call'
activesupport (5.0.0) lib/active_support/callbacks.rb:97:in `__run_callbacks__'
activesupport (5.0.0) lib/active_support/callbacks.rb:750:in `_run_call_callbacks'
activesupport (5.0.0) lib/active_support/callbacks.rb:90:in `run_callbacks'
actionpack (5.0.0) lib/action_dispatch/middleware/callbacks.rb:36:in `call'
actionpack (5.0.0) lib/action_dispatch/middleware/executor.rb:12:in `call'
actionpack (5.0.0) lib/action_dispatch/middleware/remote_ip.rb:79:in `call'
actionpack (5.0.0) lib/action_dispatch/middleware/debug_exceptions.rb:49:in `call'
actionpack (5.0.0) lib/action_dispatch/middleware/show_exceptions.rb:31:in `call'
railties (5.0.0) lib/rails/rack/logger.rb:36:in `call_app'
railties (5.0.0) lib/rails/rack/logger.rb:24:in `block in call'
activesupport (5.0.0) lib/active_support/tagged_logging.rb:70:in `block in tagged'
activesupport (5.0.0) lib/active_support/tagged_logging.rb:26:in `tagged'
activesupport (5.0.0) lib/active_support/tagged_logging.rb:70:in `tagged'
railties (5.0.0) lib/rails/rack/logger.rb:24:in `call'
actionpack (5.0.0) lib/action_dispatch/middleware/request_id.rb:24:in `call'
rack (2.0.1) lib/rack/method_override.rb:22:in `call'
rack (2.0.1) lib/rack/runtime.rb:22:in `call'
activesupport (5.0.0) lib/active_support/cache/strategy/local_cache_middleware.rb:28:in `call'
actionpack (5.0.0) lib/action_dispatch/middleware/executor.rb:12:in `call'
actionpack (5.0.0) lib/action_dispatch/middleware/static.rb:136:in `call'
rack (2.0.1) lib/rack/sendfile.rb:111:in `call'
railties (5.0.0) lib/rails/engine.rb:522:in `call'
rack (2.0.1) lib/rack/handler/webrick.rb:86:in `service'
/Users/vkatz/.rbenv/versions/2.3.0/lib/ruby/2.3.0/webrick/httpserver.rb:140:in `service'
/Users/vkatz/.rbenv/versions/2.3.0/lib/ruby/2.3.0/webrick/httpserver.rb:96:in `run'
/Users/vkatz/.rbenv/versions/2.3.0/lib/ruby/2.3.0/webrick/server.rb:296:in `block in start_thread'
  Rendering /Users/vkatz/.rbenv/versions/2.3.0/lib/ruby/gems/2.3.0/gems/actionpack-5.0.0/lib/action_dispatch/middleware/templates/rescues/diagnostics.html.erb within rescues/layout
  Rendering /Users/vkatz/.rbenv/versions/2.3.0/lib/ruby/gems/2.3.0/gems/actionpack-5.0.0/lib/action_dispatch/middleware/templates/rescues/_source.html.erb
  Rendered /Users/vkatz/.rbenv/versions/2.3.0/lib/ruby/gems/2.3.0/gems/actionpack-5.0.0/lib/action_dispatch/middleware/templates/rescues/_source.html.erb (1.4ms)
  Rendering /Users/vkatz/.rbenv/versions/2.3.0/lib/ruby/gems/2.3.0/gems/actionpack-5.0.0/lib/action_dispatch/middleware/templates/rescues/_trace.html.erb
  Rendered /Users/vkatz/.rbenv/versions/2.3.0/lib/ruby/gems/2.3.0/gems/actionpack-5.0.0/lib/action_dispatch/middleware/templates/rescues/_trace.html.erb (1.2ms)
  Rendering /Users/vkatz/.rbenv/versions/2.3.0/lib/ruby/gems/2.3.0/gems/actionpack-5.0.0/lib/action_dispatch/middleware/templates/rescues/_request_and_response.html.erb
  Rendered /Users/vkatz/.rbenv/versions/2.3.0/lib/ruby/gems/2.3.0/gems/actionpack-5.0.0/lib/action_dispatch/middleware/templates/rescues/_request_and_response.html.erb (0.6ms)
  Rendered /Users/vkatz/.rbenv/versions/2.3.0/lib/ruby/gems/2.3.0/gems/actionpack-5.0.0/lib/action_dispatch/middleware/templates/rescues/diagnostics.html.erb within rescues/layout (45.4ms)
Started GET "/" for ::1 at 2016-07-28 12:47:30 -0700
  
ActiveRecord::ConnectionNotEstablished (No connection pool with id primary found.):
  
activerecord (5.0.0) lib/active_record/connection_adapters/abstract/connection_pool.rb:874:in `retrieve_connection'
activerecord (5.0.0) lib/active_record/connection_handling.rb:128:in `retrieve_connection'
activerecord (5.0.0) lib/active_record/connection_handling.rb:91:in `connection'
activerecord (5.0.0) lib/active_record/migration.rb:558:in `connection'
activerecord (5.0.0) lib/active_record/migration.rb:545:in `call'
actionpack (5.0.0) lib/action_dispatch/middleware/callbacks.rb:38:in `block in call'
activesupport (5.0.0) lib/active_support/callbacks.rb:97:in `__run_callbacks__'
activesupport (5.0.0) lib/active_support/callbacks.rb:750:in `_run_call_callbacks'
activesupport (5.0.0) lib/active_support/callbacks.rb:90:in `run_callbacks'
actionpack (5.0.0) lib/action_dispatch/middleware/callbacks.rb:36:in `call'
actionpack (5.0.0) lib/action_dispatch/middleware/executor.rb:12:in `call'
actionpack (5.0.0) lib/action_dispatch/middleware/remote_ip.rb:79:in `call'
actionpack (5.0.0) lib/action_dispatch/middleware/debug_exceptions.rb:49:in `call'
actionpack (5.0.0) lib/action_dispatch/middleware/show_exceptions.rb:31:in `call'
railties (5.0.0) lib/rails/rack/logger.rb:36:in `call_app'
railties (5.0.0) lib/rails/rack/logger.rb:24:in `block in call'
activesupport (5.0.0) lib/active_support/tagged_logging.rb:70:in `block in tagged'
activesupport (5.0.0) lib/active_support/tagged_logging.rb:26:in `tagged'
activesupport (5.0.0) lib/active_support/tagged_logging.rb:70:in `tagged'
railties (5.0.0) lib/rails/rack/logger.rb:24:in `call'
actionpack (5.0.0) lib/action_dispatch/middleware/request_id.rb:24:in `call'
rack (2.0.1) lib/rack/method_override.rb:22:in `call'
rack (2.0.1) lib/rack/runtime.rb:22:in `call'
activesupport (5.0.0) lib/active_support/cache/strategy/local_cache_middleware.rb:28:in `call'
actionpack (5.0.0) lib/action_dispatch/middleware/executor.rb:12:in `call'
actionpack (5.0.0) lib/action_dispatch/middleware/static.rb:136:in `call'
rack (2.0.1) lib/rack/sendfile.rb:111:in `call'
railties (5.0.0) lib/rails/engine.rb:522:in `call'
rack (2.0.1) lib/rack/handler/webrick.rb:86:in `service'
/Users/vkatz/.rbenv/versions/2.3.0/lib/ruby/2.3.0/webrick/httpserver.rb:140:in `service'
/Users/vkatz/.rbenv/versions/2.3.0/lib/ruby/2.3.0/webrick/httpserver.rb:96:in `run'
/Users/vkatz/.rbenv/versions/2.3.0/lib/ruby/2.3.0/webrick/server.rb:296:in `block in start_thread'
  Rendering /Users/vkatz/.rbenv/versions/2.3.0/lib/ruby/gems/2.3.0/gems/actionpack-5.0.0/lib/action_dispatch/middleware/templates/rescues/diagnostics.html.erb within rescues/layout
  Rendering /Users/vkatz/.rbenv/versions/2.3.0/lib/ruby/gems/2.3.0/gems/actionpack-5.0.0/lib/action_dispatch/middleware/templates/rescues/_source.html.erb
  Rendered /Users/vkatz/.rbenv/versions/2.3.0/lib/ruby/gems/2.3.0/gems/actionpack-5.0.0/lib/action_dispatch/middleware/templates/rescues/_source.html.erb (1.5ms)
  Rendering /Users/vkatz/.rbenv/versions/2.3.0/lib/ruby/gems/2.3.0/gems/actionpack-5.0.0/lib/action_dispatch/middleware/templates/rescues/_trace.html.erb
  Rendered /Users/vkatz/.rbenv/versions/2.3.0/lib/ruby/gems/2.3.0/gems/actionpack-5.0.0/lib/action_dispatch/middleware/templates/rescues/_trace.html.erb (0.9ms)
  Rendering /Users/vkatz/.rbenv/versions/2.3.0/lib/ruby/gems/2.3.0/gems/actionpack-5.0.0/lib/action_dispatch/middleware/templates/rescues/_request_and_response.html.erb
  Rendered /Users/vkatz/.rbenv/versions/2.3.0/lib/ruby/gems/2.3.0/gems/actionpack-5.0.0/lib/action_dispatch/middleware/templates/rescues/_request_and_response.html.erb (0.6ms)
  Rendered /Users/vkatz/.rbenv/versions/2.3.0/lib/ruby/gems/2.3.0/gems/actionpack-5.0.0/lib/action_dispatch/middleware/templates/rescues/diagnostics.html.erb within rescues/layout (49.7ms)
Started GET "/" for ::1 at 2016-07-28 12:48:25 -0700
  
ActiveRecord::ConnectionNotEstablished (No connection pool with id primary found.):
  
activerecord (5.0.0) lib/active_record/connection_adapters/abstract/connection_pool.rb:874:in `retrieve_connection'
activerecord (5.0.0) lib/active_record/connection_handling.rb:128:in `retrieve_connection'
activerecord (5.0.0) lib/active_record/connection_handling.rb:91:in `connection'
activerecord (5.0.0) lib/active_record/migration.rb:558:in `connection'
activerecord (5.0.0) lib/active_record/migration.rb:545:in `call'
actionpack (5.0.0) lib/action_dispatch/middleware/callbacks.rb:38:in `block in call'
activesupport (5.0.0) lib/active_support/callbacks.rb:97:in `__run_callbacks__'
activesupport (5.0.0) lib/active_support/callbacks.rb:750:in `_run_call_callbacks'
activesupport (5.0.0) lib/active_support/callbacks.rb:90:in `run_callbacks'
actionpack (5.0.0) lib/action_dispatch/middleware/callbacks.rb:36:in `call'
actionpack (5.0.0) lib/action_dispatch/middleware/executor.rb:12:in `call'
actionpack (5.0.0) lib/action_dispatch/middleware/remote_ip.rb:79:in `call'
actionpack (5.0.0) lib/action_dispatch/middleware/debug_exceptions.rb:49:in `call'
actionpack (5.0.0) lib/action_dispatch/middleware/show_exceptions.rb:31:in `call'
railties (5.0.0) lib/rails/rack/logger.rb:36:in `call_app'
railties (5.0.0) lib/rails/rack/logger.rb:24:in `block in call'
activesupport (5.0.0) lib/active_support/tagged_logging.rb:70:in `block in tagged'
activesupport (5.0.0) lib/active_support/tagged_logging.rb:26:in `tagged'
activesupport (5.0.0) lib/active_support/tagged_logging.rb:70:in `tagged'
railties (5.0.0) lib/rails/rack/logger.rb:24:in `call'
actionpack (5.0.0) lib/action_dispatch/middleware/request_id.rb:24:in `call'
rack (2.0.1) lib/rack/method_override.rb:22:in `call'
rack (2.0.1) lib/rack/runtime.rb:22:in `call'
activesupport (5.0.0) lib/active_support/cache/strategy/local_cache_middleware.rb:28:in `call'
actionpack (5.0.0) lib/action_dispatch/middleware/executor.rb:12:in `call'
actionpack (5.0.0) lib/action_dispatch/middleware/static.rb:136:in `call'
rack (2.0.1) lib/rack/sendfile.rb:111:in `call'
railties (5.0.0) lib/rails/engine.rb:522:in `call'
rack (2.0.1) lib/rack/handler/webrick.rb:86:in `service'
/Users/vkatz/.rbenv/versions/2.3.0/lib/ruby/2.3.0/webrick/httpserver.rb:140:in `service'
/Users/vkatz/.rbenv/versions/2.3.0/lib/ruby/2.3.0/webrick/httpserver.rb:96:in `run'
/Users/vkatz/.rbenv/versions/2.3.0/lib/ruby/2.3.0/webrick/server.rb:296:in `block in start_thread'
  Rendering /Users/vkatz/.rbenv/versions/2.3.0/lib/ruby/gems/2.3.0/gems/actionpack-5.0.0/lib/action_dispatch/middleware/templates/rescues/diagnostics.html.erb within rescues/layout
  Rendering /Users/vkatz/.rbenv/versions/2.3.0/lib/ruby/gems/2.3.0/gems/actionpack-5.0.0/lib/action_dispatch/middleware/templates/rescues/_source.html.erb
  Rendered /Users/vkatz/.rbenv/versions/2.3.0/lib/ruby/gems/2.3.0/gems/actionpack-5.0.0/lib/action_dispatch/middleware/templates/rescues/_source.html.erb (2.8ms)
  Rendering /Users/vkatz/.rbenv/versions/2.3.0/lib/ruby/gems/2.3.0/gems/actionpack-5.0.0/lib/action_dispatch/middleware/templates/rescues/_trace.html.erb
  Rendered /Users/vkatz/.rbenv/versions/2.3.0/lib/ruby/gems/2.3.0/gems/actionpack-5.0.0/lib/action_dispatch/middleware/templates/rescues/_trace.html.erb (1.0ms)
  Rendering /Users/vkatz/.rbenv/versions/2.3.0/lib/ruby/gems/2.3.0/gems/actionpack-5.0.0/lib/action_dispatch/middleware/templates/rescues/_request_and_response.html.erb
  Rendered /Users/vkatz/.rbenv/versions/2.3.0/lib/ruby/gems/2.3.0/gems/actionpack-5.0.0/lib/action_dispatch/middleware/templates/rescues/_request_and_response.html.erb (0.7ms)
  Rendered /Users/vkatz/.rbenv/versions/2.3.0/lib/ruby/gems/2.3.0/gems/actionpack-5.0.0/lib/action_dispatch/middleware/templates/rescues/diagnostics.html.erb within rescues/layout (51.4ms)
Started GET "/" for ::1 at 2016-07-28 12:48:46 -0700
  
ActionController::RoutingError (uninitialized constant PagesController):
  
activesupport (5.0.0) lib/active_support/inflector/methods.rb:268:in `const_get'
activesupport (5.0.0) lib/active_support/inflector/methods.rb:268:in `block in constantize'
activesupport (5.0.0) lib/active_support/inflector/methods.rb:266:in `each'
activesupport (5.0.0) lib/active_support/inflector/methods.rb:266:in `inject'
activesupport (5.0.0) lib/active_support/inflector/methods.rb:266:in `constantize'
actionpack (5.0.0) lib/action_dispatch/http/request.rb:93:in `controller_class'
actionpack (5.0.0) lib/action_dispatch/routing/route_set.rb:44:in `controller'
actionpack (5.0.0) lib/action_dispatch/routing/route_set.rb:30:in `serve'
actionpack (5.0.0) lib/action_dispatch/journey/router.rb:39:in `block in serve'
actionpack (5.0.0) lib/action_dispatch/journey/router.rb:26:in `each'
actionpack (5.0.0) lib/action_dispatch/journey/router.rb:26:in `serve'
actionpack (5.0.0) lib/action_dispatch/routing/route_set.rb:725:in `call'
rack (2.0.1) lib/rack/etag.rb:25:in `call'
rack (2.0.1) lib/rack/conditional_get.rb:25:in `call'
rack (2.0.1) lib/rack/head.rb:12:in `call'
rack (2.0.1) lib/rack/session/abstract/id.rb:222:in `context'
rack (2.0.1) lib/rack/session/abstract/id.rb:216:in `call'
actionpack (5.0.0) lib/action_dispatch/middleware/cookies.rb:613:in `call'
actionpack (5.0.0) lib/action_dispatch/middleware/callbacks.rb:38:in `block in call'
activesupport (5.0.0) lib/active_support/callbacks.rb:97:in `__run_callbacks__'
activesupport (5.0.0) lib/active_support/callbacks.rb:750:in `_run_call_callbacks'
activesupport (5.0.0) lib/active_support/callbacks.rb:90:in `run_callbacks'
actionpack (5.0.0) lib/action_dispatch/middleware/callbacks.rb:36:in `call'
actionpack (5.0.0) lib/action_dispatch/middleware/executor.rb:12:in `call'
actionpack (5.0.0) lib/action_dispatch/middleware/remote_ip.rb:79:in `call'
actionpack (5.0.0) lib/action_dispatch/middleware/debug_exceptions.rb:49:in `call'
actionpack (5.0.0) lib/action_dispatch/middleware/show_exceptions.rb:31:in `call'
railties (5.0.0) lib/rails/rack/logger.rb:36:in `call_app'
railties (5.0.0) lib/rails/rack/logger.rb:24:in `block in call'
activesupport (5.0.0) lib/active_support/tagged_logging.rb:70:in `block in tagged'
activesupport (5.0.0) lib/active_support/tagged_logging.rb:26:in `tagged'
activesupport (5.0.0) lib/active_support/tagged_logging.rb:70:in `tagged'
railties (5.0.0) lib/rails/rack/logger.rb:24:in `call'
actionpack (5.0.0) lib/action_dispatch/middleware/request_id.rb:24:in `call'
rack (2.0.1) lib/rack/method_override.rb:22:in `call'
rack (2.0.1) lib/rack/runtime.rb:22:in `call'
activesupport (5.0.0) lib/active_support/cache/strategy/local_cache_middleware.rb:28:in `call'
actionpack (5.0.0) lib/action_dispatch/middleware/executor.rb:12:in `call'
actionpack (5.0.0) lib/action_dispatch/middleware/static.rb:136:in `call'
rack (2.0.1) lib/rack/sendfile.rb:111:in `call'
railties (5.0.0) lib/rails/engine.rb:522:in `call'
rack (2.0.1) lib/rack/handler/webrick.rb:86:in `service'
/Users/vkatz/.rbenv/versions/2.3.0/lib/ruby/2.3.0/webrick/httpserver.rb:140:in `service'
/Users/vkatz/.rbenv/versions/2.3.0/lib/ruby/2.3.0/webrick/httpserver.rb:96:in `run'
/Users/vkatz/.rbenv/versions/2.3.0/lib/ruby/2.3.0/webrick/server.rb:296:in `block in start_thread'
  Rendering /Users/vkatz/.rbenv/versions/2.3.0/lib/ruby/gems/2.3.0/gems/actionpack-5.0.0/lib/action_dispatch/middleware/templates/rescues/routing_error.html.erb within rescues/layout
  Rendering /Users/vkatz/.rbenv/versions/2.3.0/lib/ruby/gems/2.3.0/gems/actionpack-5.0.0/lib/action_dispatch/middleware/templates/rescues/_trace.html.erb
  Rendered /Users/vkatz/.rbenv/versions/2.3.0/lib/ruby/gems/2.3.0/gems/actionpack-5.0.0/lib/action_dispatch/middleware/templates/rescues/_trace.html.erb (1.7ms)
  Rendered collection of /Users/vkatz/.rbenv/versions/2.3.0/lib/ruby/gems/2.3.0/gems/actionpack-5.0.0/lib/action_dispatch/middleware/templates/routes/_route.html.erb [1 times] (8.3ms)
  Rendered /Users/vkatz/.rbenv/versions/2.3.0/lib/ruby/gems/2.3.0/gems/actionpack-5.0.0/lib/action_dispatch/middleware/templates/routes/_table.html.erb (10.3ms)
  Rendering /Users/vkatz/.rbenv/versions/2.3.0/lib/ruby/gems/2.3.0/gems/actionpack-5.0.0/lib/action_dispatch/middleware/templates/rescues/_request_and_response.html.erb
  Rendered /Users/vkatz/.rbenv/versions/2.3.0/lib/ruby/gems/2.3.0/gems/actionpack-5.0.0/lib/action_dispatch/middleware/templates/rescues/_request_and_response.html.erb (9.6ms)
  Rendered /Users/vkatz/.rbenv/versions/2.3.0/lib/ruby/gems/2.3.0/gems/actionpack-5.0.0/lib/action_dispatch/middleware/templates/rescues/routing_error.html.erb within rescues/layout (96.1ms)
Started GET "/" for ::1 at 2016-07-28 12:49:31 -0700
Processing by PagesController#root as HTML
DEPRECATION WARNING: ActiveRecord::Base.raise_in_transactional_callbacks= is deprecated, has no effect and will be removed without replacement. (called from raise_in_transactional_callbacks= at /Users/vkatz/.rbenv/versions/2.3.0/lib/ruby/gems/2.3.0/gems/activerecord-5.0.0/lib/active_record/transactions.rb:283)
Completed 500 Internal Server Error in 118ms


  
Gem::LoadError (Specified 'sqlite3' for database adapter, but the gem is not loaded. Add `gem 'sqlite3'` to your Gemfile (and ensure its version is at the minimum required by ActiveRecord).):
  
activerecord (5.0.0) lib/active_record/connection_adapters/connection_specification.rb:176:in `rescue in spec'
activerecord (5.0.0) lib/active_record/connection_adapters/connection_specification.rb:173:in `spec'
activerecord (5.0.0) lib/active_record/connection_handling.rb:53:in `establish_connection'
activerecord (5.0.0) lib/active_record/railtie.rb:125:in `block (2 levels) in <class:Railtie>'
activesupport (5.0.0) lib/active_support/lazy_load_hooks.rb:38:in `instance_eval'
activesupport (5.0.0) lib/active_support/lazy_load_hooks.rb:38:in `execute_hook'
activesupport (5.0.0) lib/active_support/lazy_load_hooks.rb:45:in `block in run_load_hooks'
activesupport (5.0.0) lib/active_support/lazy_load_hooks.rb:44:in `each'
activesupport (5.0.0) lib/active_support/lazy_load_hooks.rb:44:in `run_load_hooks'
activerecord (5.0.0) lib/active_record/base.rb:324:in `<module:ActiveRecord>'
activerecord (5.0.0) lib/active_record/base.rb:24:in `<top (required)>'
activesupport (5.0.0) lib/active_support/dependencies.rb:293:in `require'
activesupport (5.0.0) lib/active_support/dependencies.rb:293:in `block in require'
activesupport (5.0.0) lib/active_support/dependencies.rb:259:in `load_dependency'
activesupport (5.0.0) lib/active_support/dependencies.rb:293:in `require'
activerecord (5.0.0) lib/active_record/railties/controller_runtime.rb:36:in `append_info_to_payload'
actionpack (5.0.0) lib/action_controller/metal/instrumentation.rb:36:in `ensure in block in process_action'
actionpack (5.0.0) lib/action_controller/metal/instrumentation.rb:36:in `block in process_action'
activesupport (5.0.0) lib/active_support/notifications.rb:164:in `block in instrument'
activesupport (5.0.0) lib/active_support/notifications/instrumenter.rb:21:in `instrument'
activesupport (5.0.0) lib/active_support/notifications.rb:164:in `instrument'
actionpack (5.0.0) lib/action_controller/metal/instrumentation.rb:30:in `process_action'
actionpack (5.0.0) lib/action_controller/metal/params_wrapper.rb:248:in `process_action'
activerecord (5.0.0) lib/active_record/railties/controller_runtime.rb:18:in `process_action'
actionpack (5.0.0) lib/abstract_controller/base.rb:126:in `process'
actionview (5.0.0) lib/action_view/rendering.rb:30:in `process'
actionpack (5.0.0) lib/action_controller/metal.rb:190:in `dispatch'
actionpack (5.0.0) lib/action_controller/metal.rb:262:in `dispatch'
actionpack (5.0.0) lib/action_dispatch/routing/route_set.rb:50:in `dispatch'
actionpack (5.0.0) lib/action_dispatch/routing/route_set.rb:32:in `serve'
actionpack (5.0.0) lib/action_dispatch/journey/router.rb:39:in `block in serve'
actionpack (5.0.0) lib/action_dispatch/journey/router.rb:26:in `each'
actionpack (5.0.0) lib/action_dispatch/journey/router.rb:26:in `serve'
actionpack (5.0.0) lib/action_dispatch/routing/route_set.rb:725:in `call'
rack (2.0.1) lib/rack/etag.rb:25:in `call'
rack (2.0.1) lib/rack/conditional_get.rb:25:in `call'
rack (2.0.1) lib/rack/head.rb:12:in `call'
rack (2.0.1) lib/rack/session/abstract/id.rb:222:in `context'
rack (2.0.1) lib/rack/session/abstract/id.rb:216:in `call'
actionpack (5.0.0) lib/action_dispatch/middleware/cookies.rb:613:in `call'
actionpack (5.0.0) lib/action_dispatch/middleware/callbacks.rb:38:in `block in call'
activesupport (5.0.0) lib/active_support/callbacks.rb:97:in `__run_callbacks__'
activesupport (5.0.0) lib/active_support/callbacks.rb:750:in `_run_call_callbacks'
activesupport (5.0.0) lib/active_support/callbacks.rb:90:in `run_callbacks'
actionpack (5.0.0) lib/action_dispatch/middleware/callbacks.rb:36:in `call'
actionpack (5.0.0) lib/action_dispatch/middleware/executor.rb:12:in `call'
actionpack (5.0.0) lib/action_dispatch/middleware/remote_ip.rb:79:in `call'
actionpack (5.0.0) lib/action_dispatch/middleware/debug_exceptions.rb:49:in `call'
actionpack (5.0.0) lib/action_dispatch/middleware/show_exceptions.rb:31:in `call'
railties (5.0.0) lib/rails/rack/logger.rb:36:in `call_app'
railties (5.0.0) lib/rails/rack/logger.rb:24:in `block in call'
activesupport (5.0.0) lib/active_support/tagged_logging.rb:70:in `block in tagged'
activesupport (5.0.0) lib/active_support/tagged_logging.rb:26:in `tagged'
activesupport (5.0.0) lib/active_support/tagged_logging.rb:70:in `tagged'
railties (5.0.0) lib/rails/rack/logger.rb:24:in `call'
actionpack (5.0.0) lib/action_dispatch/middleware/request_id.rb:24:in `call'
rack (2.0.1) lib/rack/method_override.rb:22:in `call'
rack (2.0.1) lib/rack/runtime.rb:22:in `call'
activesupport (5.0.0) lib/active_support/cache/strategy/local_cache_middleware.rb:28:in `call'
actionpack (5.0.0) lib/action_dispatch/middleware/executor.rb:12:in `call'
actionpack (5.0.0) lib/action_dispatch/middleware/static.rb:136:in `call'
rack (2.0.1) lib/rack/sendfile.rb:111:in `call'
railties (5.0.0) lib/rails/engine.rb:522:in `call'
rack (2.0.1) lib/rack/handler/webrick.rb:86:in `service'
/Users/vkatz/.rbenv/versions/2.3.0/lib/ruby/2.3.0/webrick/httpserver.rb:140:in `service'
/Users/vkatz/.rbenv/versions/2.3.0/lib/ruby/2.3.0/webrick/httpserver.rb:96:in `run'
/Users/vkatz/.rbenv/versions/2.3.0/lib/ruby/2.3.0/webrick/server.rb:296:in `block in start_thread'
  Rendering /Users/vkatz/.rbenv/versions/2.3.0/lib/ruby/gems/2.3.0/gems/actionpack-5.0.0/lib/action_dispatch/middleware/templates/rescues/diagnostics.html.erb within rescues/layout
  Rendering /Users/vkatz/.rbenv/versions/2.3.0/lib/ruby/gems/2.3.0/gems/actionpack-5.0.0/lib/action_dispatch/middleware/templates/rescues/_source.html.erb
  Rendered /Users/vkatz/.rbenv/versions/2.3.0/lib/ruby/gems/2.3.0/gems/actionpack-5.0.0/lib/action_dispatch/middleware/templates/rescues/_source.html.erb (2.6ms)
  Rendering /Users/vkatz/.rbenv/versions/2.3.0/lib/ruby/gems/2.3.0/gems/actionpack-5.0.0/lib/action_dispatch/middleware/templates/rescues/_trace.html.erb
  Rendered /Users/vkatz/.rbenv/versions/2.3.0/lib/ruby/gems/2.3.0/gems/actionpack-5.0.0/lib/action_dispatch/middleware/templates/rescues/_trace.html.erb (1.3ms)
  Rendering /Users/vkatz/.rbenv/versions/2.3.0/lib/ruby/gems/2.3.0/gems/actionpack-5.0.0/lib/action_dispatch/middleware/templates/rescues/_request_and_response.html.erb
  Rendered /Users/vkatz/.rbenv/versions/2.3.0/lib/ruby/gems/2.3.0/gems/actionpack-5.0.0/lib/action_dispatch/middleware/templates/rescues/_request_and_response.html.erb (0.9ms)
  Rendered /Users/vkatz/.rbenv/versions/2.3.0/lib/ruby/gems/2.3.0/gems/actionpack-5.0.0/lib/action_dispatch/middleware/templates/rescues/diagnostics.html.erb within rescues/layout (49.4ms)
Started GET "/" for ::1 at 2016-07-28 12:51:40 -0700
Processing by PagesController#root as HTML
Completed 406 Not Acceptable in 25ms


  
ActionController::UnknownFormat (PagesController#root is missing a template for this request format and variant.

request.formats: ["text/html"]
request.variant: []

NOTE! For XHR/Ajax or API requests, this action would normally respond with 204 No Content: an empty white screen. Since you're loading it in a web browser, we assume that you expected to actually render a template, not… nothing, so we're showing an error to be extra-clear. If you expect 204 No Content, carry on. That's what you'll get from an XHR or API request. Give it a shot.):
  
actionpack (5.0.0) lib/action_controller/metal/implicit_render.rb:56:in `default_render'
actionpack (5.0.0) lib/action_controller/metal/basic_implicit_render.rb:4:in `block in send_action'
actionpack (5.0.0) lib/action_controller/metal/basic_implicit_render.rb:4:in `tap'
actionpack (5.0.0) lib/action_controller/metal/basic_implicit_render.rb:4:in `send_action'
actionpack (5.0.0) lib/abstract_controller/base.rb:188:in `process_action'
actionpack (5.0.0) lib/action_controller/metal/rendering.rb:30:in `process_action'
actionpack (5.0.0) lib/abstract_controller/callbacks.rb:20:in `block in process_action'
activesupport (5.0.0) lib/active_support/callbacks.rb:126:in `call'
activesupport (5.0.0) lib/active_support/callbacks.rb:506:in `block (2 levels) in compile'
activesupport (5.0.0) lib/active_support/callbacks.rb:455:in `call'
activesupport (5.0.0) lib/active_support/callbacks.rb:101:in `__run_callbacks__'
activesupport (5.0.0) lib/active_support/callbacks.rb:750:in `_run_process_action_callbacks'
activesupport (5.0.0) lib/active_support/callbacks.rb:90:in `run_callbacks'
actionpack (5.0.0) lib/abstract_controller/callbacks.rb:19:in `process_action'
actionpack (5.0.0) lib/action_controller/metal/rescue.rb:20:in `process_action'
actionpack (5.0.0) lib/action_controller/metal/instrumentation.rb:32:in `block in process_action'
activesupport (5.0.0) lib/active_support/notifications.rb:164:in `block in instrument'
activesupport (5.0.0) lib/active_support/notifications/instrumenter.rb:21:in `instrument'
activesupport (5.0.0) lib/active_support/notifications.rb:164:in `instrument'
actionpack (5.0.0) lib/action_controller/metal/instrumentation.rb:30:in `process_action'
actionpack (5.0.0) lib/action_controller/metal/params_wrapper.rb:248:in `process_action'
activerecord (5.0.0) lib/active_record/railties/controller_runtime.rb:18:in `process_action'
actionpack (5.0.0) lib/abstract_controller/base.rb:126:in `process'
actionview (5.0.0) lib/action_view/rendering.rb:30:in `process'
actionpack (5.0.0) lib/action_controller/metal.rb:190:in `dispatch'
actionpack (5.0.0) lib/action_controller/metal.rb:262:in `dispatch'
actionpack (5.0.0) lib/action_dispatch/routing/route_set.rb:50:in `dispatch'
actionpack (5.0.0) lib/action_dispatch/routing/route_set.rb:32:in `serve'
actionpack (5.0.0) lib/action_dispatch/journey/router.rb:39:in `block in serve'
actionpack (5.0.0) lib/action_dispatch/journey/router.rb:26:in `each'
actionpack (5.0.0) lib/action_dispatch/journey/router.rb:26:in `serve'
actionpack (5.0.0) lib/action_dispatch/routing/route_set.rb:725:in `call'
rack (2.0.1) lib/rack/etag.rb:25:in `call'
rack (2.0.1) lib/rack/conditional_get.rb:25:in `call'
rack (2.0.1) lib/rack/head.rb:12:in `call'
rack (2.0.1) lib/rack/session/abstract/id.rb:222:in `context'
rack (2.0.1) lib/rack/session/abstract/id.rb:216:in `call'
actionpack (5.0.0) lib/action_dispatch/middleware/cookies.rb:613:in `call'
actionpack (5.0.0) lib/action_dispatch/middleware/callbacks.rb:38:in `block in call'
activesupport (5.0.0) lib/active_support/callbacks.rb:97:in `__run_callbacks__'
activesupport (5.0.0) lib/active_support/callbacks.rb:750:in `_run_call_callbacks'
activesupport (5.0.0) lib/active_support/callbacks.rb:90:in `run_callbacks'
actionpack (5.0.0) lib/action_dispatch/middleware/callbacks.rb:36:in `call'
actionpack (5.0.0) lib/action_dispatch/middleware/executor.rb:12:in `call'
actionpack (5.0.0) lib/action_dispatch/middleware/remote_ip.rb:79:in `call'
actionpack (5.0.0) lib/action_dispatch/middleware/debug_exceptions.rb:49:in `call'
actionpack (5.0.0) lib/action_dispatch/middleware/show_exceptions.rb:31:in `call'
railties (5.0.0) lib/rails/rack/logger.rb:36:in `call_app'
railties (5.0.0) lib/rails/rack/logger.rb:24:in `block in call'
activesupport (5.0.0) lib/active_support/tagged_logging.rb:70:in `block in tagged'
activesupport (5.0.0) lib/active_support/tagged_logging.rb:26:in `tagged'
activesupport (5.0.0) lib/active_support/tagged_logging.rb:70:in `tagged'
railties (5.0.0) lib/rails/rack/logger.rb:24:in `call'
actionpack (5.0.0) lib/action_dispatch/middleware/request_id.rb:24:in `call'
rack (2.0.1) lib/rack/method_override.rb:22:in `call'
rack (2.0.1) lib/rack/runtime.rb:22:in `call'
activesupport (5.0.0) lib/active_support/cache/strategy/local_cache_middleware.rb:28:in `call'
actionpack (5.0.0) lib/action_dispatch/middleware/executor.rb:12:in `call'
actionpack (5.0.0) lib/action_dispatch/middleware/static.rb:136:in `call'
rack (2.0.1) lib/rack/sendfile.rb:111:in `call'
railties (5.0.0) lib/rails/engine.rb:522:in `call'
rack (2.0.1) lib/rack/handler/webrick.rb:86:in `service'
/Users/vkatz/.rbenv/versions/2.3.0/lib/ruby/2.3.0/webrick/httpserver.rb:140:in `service'
/Users/vkatz/.rbenv/versions/2.3.0/lib/ruby/2.3.0/webrick/httpserver.rb:96:in `run'
/Users/vkatz/.rbenv/versions/2.3.0/lib/ruby/2.3.0/webrick/server.rb:296:in `block in start_thread'
  Rendering /Users/vkatz/.rbenv/versions/2.3.0/lib/ruby/gems/2.3.0/gems/actionpack-5.0.0/lib/action_dispatch/middleware/templates/rescues/diagnostics.html.erb within rescues/layout
  Rendering /Users/vkatz/.rbenv/versions/2.3.0/lib/ruby/gems/2.3.0/gems/actionpack-5.0.0/lib/action_dispatch/middleware/templates/rescues/_source.html.erb
  Rendered /Users/vkatz/.rbenv/versions/2.3.0/lib/ruby/gems/2.3.0/gems/actionpack-5.0.0/lib/action_dispatch/middleware/templates/rescues/_source.html.erb (2.4ms)
  Rendering /Users/vkatz/.rbenv/versions/2.3.0/lib/ruby/gems/2.3.0/gems/actionpack-5.0.0/lib/action_dispatch/middleware/templates/rescues/_trace.html.erb
  Rendered /Users/vkatz/.rbenv/versions/2.3.0/lib/ruby/gems/2.3.0/gems/actionpack-5.0.0/lib/action_dispatch/middleware/templates/rescues/_trace.html.erb (1.2ms)
  Rendering /Users/vkatz/.rbenv/versions/2.3.0/lib/ruby/gems/2.3.0/gems/actionpack-5.0.0/lib/action_dispatch/middleware/templates/rescues/_request_and_response.html.erb
  Rendered /Users/vkatz/.rbenv/versions/2.3.0/lib/ruby/gems/2.3.0/gems/actionpack-5.0.0/lib/action_dispatch/middleware/templates/rescues/_request_and_response.html.erb (1.0ms)
  Rendered /Users/vkatz/.rbenv/versions/2.3.0/lib/ruby/gems/2.3.0/gems/actionpack-5.0.0/lib/action_dispatch/middleware/templates/rescues/diagnostics.html.erb within rescues/layout (50.3ms)
Started GET "/" for ::1 at 2016-07-28 12:52:27 -0700
Processing by PagesController#root as HTML
  Rendering pages/root.html.slim within layouts/application
  Rendered pages/root.html.slim within layouts/application (23.9ms)
Completed 200 OK in 177ms (Views: 176.0ms)


Started GET "/assets/application.self-e80e8f2318043e8af94dddc2adad5a4f09739a8ebb323b3ab31cd71d45fd9113.css?body=1" for ::1 at 2016-07-28 12:52:27 -0700
Started GET "/assets/application.self-8f06a73c35179188914ab50e057157639fce1401c1cdca640ac9cec33746fc5b.js?body=1" for ::1 at 2016-07-28 12:52:27 -0700
Started GET "/" for ::1 at 2016-07-28 12:57:25 -0700
Processing by PagesController#root as HTML
Completed 406 Not Acceptable in 32ms


  
ActionController::UnknownFormat (PagesController#root is missing a template for this request format and variant.

request.formats: ["text/html"]
request.variant: []

NOTE! For XHR/Ajax or API requests, this action would normally respond with 204 No Content: an empty white screen. Since you're loading it in a web browser, we assume that you expected to actually render a template, not… nothing, so we're showing an error to be extra-clear. If you expect 204 No Content, carry on. That's what you'll get from an XHR or API request. Give it a shot.):
  
actionpack (5.0.0) lib/action_controller/metal/implicit_render.rb:56:in `default_render'
actionpack (5.0.0) lib/action_controller/metal/basic_implicit_render.rb:4:in `block in send_action'
actionpack (5.0.0) lib/action_controller/metal/basic_implicit_render.rb:4:in `tap'
actionpack (5.0.0) lib/action_controller/metal/basic_implicit_render.rb:4:in `send_action'
actionpack (5.0.0) lib/abstract_controller/base.rb:188:in `process_action'
actionpack (5.0.0) lib/action_controller/metal/rendering.rb:30:in `process_action'
actionpack (5.0.0) lib/abstract_controller/callbacks.rb:20:in `block in process_action'
activesupport (5.0.0) lib/active_support/callbacks.rb:126:in `call'
activesupport (5.0.0) lib/active_support/callbacks.rb:506:in `block (2 levels) in compile'
activesupport (5.0.0) lib/active_support/callbacks.rb:455:in `call'
activesupport (5.0.0) lib/active_support/callbacks.rb:101:in `__run_callbacks__'
activesupport (5.0.0) lib/active_support/callbacks.rb:750:in `_run_process_action_callbacks'
activesupport (5.0.0) lib/active_support/callbacks.rb:90:in `run_callbacks'
actionpack (5.0.0) lib/abstract_controller/callbacks.rb:19:in `process_action'
actionpack (5.0.0) lib/action_controller/metal/rescue.rb:20:in `process_action'
actionpack (5.0.0) lib/action_controller/metal/instrumentation.rb:32:in `block in process_action'
activesupport (5.0.0) lib/active_support/notifications.rb:164:in `block in instrument'
activesupport (5.0.0) lib/active_support/notifications/instrumenter.rb:21:in `instrument'
activesupport (5.0.0) lib/active_support/notifications.rb:164:in `instrument'
actionpack (5.0.0) lib/action_controller/metal/instrumentation.rb:30:in `process_action'
actionpack (5.0.0) lib/action_controller/metal/params_wrapper.rb:248:in `process_action'
activerecord (5.0.0) lib/active_record/railties/controller_runtime.rb:18:in `process_action'
actionpack (5.0.0) lib/abstract_controller/base.rb:126:in `process'
actionview (5.0.0) lib/action_view/rendering.rb:30:in `process'
actionpack (5.0.0) lib/action_controller/metal.rb:190:in `dispatch'
actionpack (5.0.0) lib/action_controller/metal.rb:262:in `dispatch'
actionpack (5.0.0) lib/action_dispatch/routing/route_set.rb:50:in `dispatch'
actionpack (5.0.0) lib/action_dispatch/routing/route_set.rb:32:in `serve'
actionpack (5.0.0) lib/action_dispatch/journey/router.rb:39:in `block in serve'
actionpack (5.0.0) lib/action_dispatch/journey/router.rb:26:in `each'
actionpack (5.0.0) lib/action_dispatch/journey/router.rb:26:in `serve'
actionpack (5.0.0) lib/action_dispatch/routing/route_set.rb:725:in `call'
rack (2.0.1) lib/rack/etag.rb:25:in `call'
rack (2.0.1) lib/rack/conditional_get.rb:25:in `call'
rack (2.0.1) lib/rack/head.rb:12:in `call'
rack (2.0.1) lib/rack/session/abstract/id.rb:222:in `context'
rack (2.0.1) lib/rack/session/abstract/id.rb:216:in `call'
actionpack (5.0.0) lib/action_dispatch/middleware/cookies.rb:613:in `call'
actionpack (5.0.0) lib/action_dispatch/middleware/callbacks.rb:38:in `block in call'
activesupport (5.0.0) lib/active_support/callbacks.rb:97:in `__run_callbacks__'
activesupport (5.0.0) lib/active_support/callbacks.rb:750:in `_run_call_callbacks'
activesupport (5.0.0) lib/active_support/callbacks.rb:90:in `run_callbacks'
actionpack (5.0.0) lib/action_dispatch/middleware/callbacks.rb:36:in `call'
actionpack (5.0.0) lib/action_dispatch/middleware/executor.rb:12:in `call'
actionpack (5.0.0) lib/action_dispatch/middleware/remote_ip.rb:79:in `call'
actionpack (5.0.0) lib/action_dispatch/middleware/debug_exceptions.rb:49:in `call'
actionpack (5.0.0) lib/action_dispatch/middleware/show_exceptions.rb:31:in `call'
railties (5.0.0) lib/rails/rack/logger.rb:36:in `call_app'
railties (5.0.0) lib/rails/rack/logger.rb:24:in `block in call'
activesupport (5.0.0) lib/active_support/tagged_logging.rb:70:in `block in tagged'
activesupport (5.0.0) lib/active_support/tagged_logging.rb:26:in `tagged'
activesupport (5.0.0) lib/active_support/tagged_logging.rb:70:in `tagged'
railties (5.0.0) lib/rails/rack/logger.rb:24:in `call'
actionpack (5.0.0) lib/action_dispatch/middleware/request_id.rb:24:in `call'
rack (2.0.1) lib/rack/method_override.rb:22:in `call'
rack (2.0.1) lib/rack/runtime.rb:22:in `call'
activesupport (5.0.0) lib/active_support/cache/strategy/local_cache_middleware.rb:28:in `call'
actionpack (5.0.0) lib/action_dispatch/middleware/executor.rb:12:in `call'
actionpack (5.0.0) lib/action_dispatch/middleware/static.rb:136:in `call'
rack (2.0.1) lib/rack/sendfile.rb:111:in `call'
railties (5.0.0) lib/rails/engine.rb:522:in `call'
rack (2.0.1) lib/rack/handler/webrick.rb:86:in `service'
/Users/vkatz/.rbenv/versions/2.3.0/lib/ruby/2.3.0/webrick/httpserver.rb:140:in `service'
/Users/vkatz/.rbenv/versions/2.3.0/lib/ruby/2.3.0/webrick/httpserver.rb:96:in `run'
/Users/vkatz/.rbenv/versions/2.3.0/lib/ruby/2.3.0/webrick/server.rb:296:in `block in start_thread'
  Rendering /Users/vkatz/.rbenv/versions/2.3.0/lib/ruby/gems/2.3.0/gems/actionpack-5.0.0/lib/action_dispatch/middleware/templates/rescues/diagnostics.html.erb within rescues/layout
  Rendering /Users/vkatz/.rbenv/versions/2.3.0/lib/ruby/gems/2.3.0/gems/actionpack-5.0.0/lib/action_dispatch/middleware/templates/rescues/_source.html.erb
  Rendered /Users/vkatz/.rbenv/versions/2.3.0/lib/ruby/gems/2.3.0/gems/actionpack-5.0.0/lib/action_dispatch/middleware/templates/rescues/_source.html.erb (4.6ms)
  Rendering /Users/vkatz/.rbenv/versions/2.3.0/lib/ruby/gems/2.3.0/gems/actionpack-5.0.0/lib/action_dispatch/middleware/templates/rescues/_trace.html.erb
  Rendered /Users/vkatz/.rbenv/versions/2.3.0/lib/ruby/gems/2.3.0/gems/actionpack-5.0.0/lib/action_dispatch/middleware/templates/rescues/_trace.html.erb (2.5ms)
  Rendering /Users/vkatz/.rbenv/versions/2.3.0/lib/ruby/gems/2.3.0/gems/actionpack-5.0.0/lib/action_dispatch/middleware/templates/rescues/_request_and_response.html.erb
  Rendered /Users/vkatz/.rbenv/versions/2.3.0/lib/ruby/gems/2.3.0/gems/actionpack-5.0.0/lib/action_dispatch/middleware/templates/rescues/_request_and_response.html.erb (1.6ms)
  Rendered /Users/vkatz/.rbenv/versions/2.3.0/lib/ruby/gems/2.3.0/gems/actionpack-5.0.0/lib/action_dispatch/middleware/templates/rescues/diagnostics.html.erb within rescues/layout (58.6ms)
Started GET "/" for ::1 at 2016-07-28 13:16:37 -0700
Processing by PagesController#root as HTML
DEPRECATION WARNING: ActiveRecord::Base.raise_in_transactional_callbacks= is deprecated, has no effect and will be removed without replacement. (called from raise_in_transactional_callbacks= at /Users/vkatz/.rbenv/versions/2.3.0/lib/ruby/gems/2.3.0/gems/activerecord-5.0.0/lib/active_record/transactions.rb:283)
Completed 500 Internal Server Error in 138ms


  
RuntimeError (Cannot load `Rails.application.database_configuration`:
Could not load database configuration. No such file - ["config/database.yml"]):
  
railties (5.0.0) lib/rails/application/configuration.rb:143:in `database_configuration'
activerecord (5.0.0) lib/active_record/railtie.rb:122:in `block (2 levels) in <class:Railtie>'
activesupport (5.0.0) lib/active_support/lazy_load_hooks.rb:38:in `instance_eval'
activesupport (5.0.0) lib/active_support/lazy_load_hooks.rb:38:in `execute_hook'
activesupport (5.0.0) lib/active_support/lazy_load_hooks.rb:45:in `block in run_load_hooks'
activesupport (5.0.0) lib/active_support/lazy_load_hooks.rb:44:in `each'
activesupport (5.0.0) lib/active_support/lazy_load_hooks.rb:44:in `run_load_hooks'
activerecord (5.0.0) lib/active_record/base.rb:324:in `<module:ActiveRecord>'
activerecord (5.0.0) lib/active_record/base.rb:24:in `<top (required)>'
activesupport (5.0.0) lib/active_support/dependencies.rb:293:in `require'
activesupport (5.0.0) lib/active_support/dependencies.rb:293:in `block in require'
activesupport (5.0.0) lib/active_support/dependencies.rb:259:in `load_dependency'
activesupport (5.0.0) lib/active_support/dependencies.rb:293:in `require'
activerecord (5.0.0) lib/active_record/railties/controller_runtime.rb:22:in `cleanup_view_runtime'
actionpack (5.0.0) lib/action_controller/metal/instrumentation.rb:43:in `render'
actionpack (5.0.0) lib/action_controller/metal/implicit_render.rb:36:in `default_render'
actionpack (5.0.0) lib/action_controller/metal/basic_implicit_render.rb:4:in `block in send_action'
actionpack (5.0.0) lib/action_controller/metal/basic_implicit_render.rb:4:in `tap'
actionpack (5.0.0) lib/action_controller/metal/basic_implicit_render.rb:4:in `send_action'
actionpack (5.0.0) lib/abstract_controller/base.rb:188:in `process_action'
actionpack (5.0.0) lib/action_controller/metal/rendering.rb:30:in `process_action'
actionpack (5.0.0) lib/abstract_controller/callbacks.rb:20:in `block in process_action'
activesupport (5.0.0) lib/active_support/callbacks.rb:126:in `call'
activesupport (5.0.0) lib/active_support/callbacks.rb:506:in `block (2 levels) in compile'
activesupport (5.0.0) lib/active_support/callbacks.rb:455:in `call'
activesupport (5.0.0) lib/active_support/callbacks.rb:101:in `__run_callbacks__'
activesupport (5.0.0) lib/active_support/callbacks.rb:750:in `_run_process_action_callbacks'
activesupport (5.0.0) lib/active_support/callbacks.rb:90:in `run_callbacks'
actionpack (5.0.0) lib/abstract_controller/callbacks.rb:19:in `process_action'
actionpack (5.0.0) lib/action_controller/metal/rescue.rb:20:in `process_action'
actionpack (5.0.0) lib/action_controller/metal/instrumentation.rb:32:in `block in process_action'
activesupport (5.0.0) lib/active_support/notifications.rb:164:in `block in instrument'
activesupport (5.0.0) lib/active_support/notifications/instrumenter.rb:21:in `instrument'
activesupport (5.0.0) lib/active_support/notifications.rb:164:in `instrument'
actionpack (5.0.0) lib/action_controller/metal/instrumentation.rb:30:in `process_action'
actionpack (5.0.0) lib/action_controller/metal/params_wrapper.rb:248:in `process_action'
activerecord (5.0.0) lib/active_record/railties/controller_runtime.rb:18:in `process_action'
actionpack (5.0.0) lib/abstract_controller/base.rb:126:in `process'
actionview (5.0.0) lib/action_view/rendering.rb:30:in `process'
actionpack (5.0.0) lib/action_controller/metal.rb:190:in `dispatch'
actionpack (5.0.0) lib/action_controller/metal.rb:262:in `dispatch'
actionpack (5.0.0) lib/action_dispatch/routing/route_set.rb:50:in `dispatch'
actionpack (5.0.0) lib/action_dispatch/routing/route_set.rb:32:in `serve'
actionpack (5.0.0) lib/action_dispatch/journey/router.rb:39:in `block in serve'
actionpack (5.0.0) lib/action_dispatch/journey/router.rb:26:in `each'
actionpack (5.0.0) lib/action_dispatch/journey/router.rb:26:in `serve'
actionpack (5.0.0) lib/action_dispatch/routing/route_set.rb:725:in `call'
rack (2.0.1) lib/rack/etag.rb:25:in `call'
rack (2.0.1) lib/rack/conditional_get.rb:25:in `call'
rack (2.0.1) lib/rack/head.rb:12:in `call'
rack (2.0.1) lib/rack/session/abstract/id.rb:222:in `context'
rack (2.0.1) lib/rack/session/abstract/id.rb:216:in `call'
actionpack (5.0.0) lib/action_dispatch/middleware/cookies.rb:613:in `call'
actionpack (5.0.0) lib/action_dispatch/middleware/callbacks.rb:38:in `block in call'
activesupport (5.0.0) lib/active_support/callbacks.rb:97:in `__run_callbacks__'
activesupport (5.0.0) lib/active_support/callbacks.rb:750:in `_run_call_callbacks'
activesupport (5.0.0) lib/active_support/callbacks.rb:90:in `run_callbacks'
actionpack (5.0.0) lib/action_dispatch/middleware/callbacks.rb:36:in `call'
actionpack (5.0.0) lib/action_dispatch/middleware/executor.rb:12:in `call'
actionpack (5.0.0) lib/action_dispatch/middleware/remote_ip.rb:79:in `call'
actionpack (5.0.0) lib/action_dispatch/middleware/debug_exceptions.rb:49:in `call'
actionpack (5.0.0) lib/action_dispatch/middleware/show_exceptions.rb:31:in `call'
railties (5.0.0) lib/rails/rack/logger.rb:36:in `call_app'
railties (5.0.0) lib/rails/rack/logger.rb:24:in `block in call'
activesupport (5.0.0) lib/active_support/tagged_logging.rb:70:in `block in tagged'
activesupport (5.0.0) lib/active_support/tagged_logging.rb:26:in `tagged'
activesupport (5.0.0) lib/active_support/tagged_logging.rb:70:in `tagged'
railties (5.0.0) lib/rails/rack/logger.rb:24:in `call'
actionpack (5.0.0) lib/action_dispatch/middleware/request_id.rb:24:in `call'
rack (2.0.1) lib/rack/method_override.rb:22:in `call'
rack (2.0.1) lib/rack/runtime.rb:22:in `call'
activesupport (5.0.0) lib/active_support/cache/strategy/local_cache_middleware.rb:28:in `call'
actionpack (5.0.0) lib/action_dispatch/middleware/executor.rb:12:in `call'
actionpack (5.0.0) lib/action_dispatch/middleware/static.rb:136:in `call'
rack (2.0.1) lib/rack/sendfile.rb:111:in `call'
railties (5.0.0) lib/rails/engine.rb:522:in `call'
rack (2.0.1) lib/rack/handler/webrick.rb:86:in `service'
/Users/vkatz/.rbenv/versions/2.3.0/lib/ruby/2.3.0/webrick/httpserver.rb:140:in `service'
/Users/vkatz/.rbenv/versions/2.3.0/lib/ruby/2.3.0/webrick/httpserver.rb:96:in `run'
/Users/vkatz/.rbenv/versions/2.3.0/lib/ruby/2.3.0/webrick/server.rb:296:in `block in start_thread'
  Rendering /Users/vkatz/.rbenv/versions/2.3.0/lib/ruby/gems/2.3.0/gems/actionpack-5.0.0/lib/action_dispatch/middleware/templates/rescues/diagnostics.html.erb within rescues/layout
  Rendering /Users/vkatz/.rbenv/versions/2.3.0/lib/ruby/gems/2.3.0/gems/actionpack-5.0.0/lib/action_dispatch/middleware/templates/rescues/_source.html.erb
  Rendered /Users/vkatz/.rbenv/versions/2.3.0/lib/ruby/gems/2.3.0/gems/actionpack-5.0.0/lib/action_dispatch/middleware/templates/rescues/_source.html.erb (3.6ms)
  Rendering /Users/vkatz/.rbenv/versions/2.3.0/lib/ruby/gems/2.3.0/gems/actionpack-5.0.0/lib/action_dispatch/middleware/templates/rescues/_trace.html.erb
  Rendered /Users/vkatz/.rbenv/versions/2.3.0/lib/ruby/gems/2.3.0/gems/actionpack-5.0.0/lib/action_dispatch/middleware/templates/rescues/_trace.html.erb (1.3ms)
  Rendering /Users/vkatz/.rbenv/versions/2.3.0/lib/ruby/gems/2.3.0/gems/actionpack-5.0.0/lib/action_dispatch/middleware/templates/rescues/_request_and_response.html.erb
  Rendered /Users/vkatz/.rbenv/versions/2.3.0/lib/ruby/gems/2.3.0/gems/actionpack-5.0.0/lib/action_dispatch/middleware/templates/rescues/_request_and_response.html.erb (9.0ms)
  Rendered /Users/vkatz/.rbenv/versions/2.3.0/lib/ruby/gems/2.3.0/gems/actionpack-5.0.0/lib/action_dispatch/middleware/templates/rescues/diagnostics.html.erb within rescues/layout (76.2ms)
Started GET "/" for ::1 at 2016-07-28 13:17:28 -0700
Processing by PagesController#root as HTML
  Rendering pages/root.haml within layouts/application
  Rendered pages/root.haml within layouts/application (0.6ms)
Completed 200 OK in 173ms (Views: 172.0ms)


Started GET "/assets/application.self-e80e8f2318043e8af94dddc2adad5a4f09739a8ebb323b3ab31cd71d45fd9113.css?body=1" for ::1 at 2016-07-28 13:17:29 -0700
Started GET "/assets/application.self-8f06a73c35179188914ab50e057157639fce1401c1cdca640ac9cec33746fc5b.js?body=1" for ::1 at 2016-07-28 13:17:29 -0700
Started GET "/" for ::1 at 2016-07-28 13:17:55 -0700
Processing by PagesController#root as HTML
  Rendering pages/root.haml within layouts/application
  Rendered pages/root.haml within layouts/application (1.0ms)
Completed 200 OK in 10ms (Views: 9.2ms)


Started GET "/assets/application.self-e80e8f2318043e8af94dddc2adad5a4f09739a8ebb323b3ab31cd71d45fd9113.css?body=1" for ::1 at 2016-07-28 13:17:55 -0700
Started GET "/assets/application.self-8f06a73c35179188914ab50e057157639fce1401c1cdca640ac9cec33746fc5b.js?body=1" for ::1 at 2016-07-28 13:17:55 -0700
Started GET "/" for ::1 at 2016-07-28 13:19:13 -0700
Processing by PagesController#root as HTML
  Rendering pages/root.haml within layouts/application
  Rendered pages/root.haml within layouts/application (1.0ms)
Completed 500 Internal Server Error in 12ms


  
ActionView::Template::Error (couldn't find file 'jquery.ui.datepicker' with type 'text/css'
Checked in these paths: 
  /data/apps/bootstrap-sass/spec/dummy/app/assets/images
  /data/apps/bootstrap-sass/spec/dummy/app/assets/javascripts
  /data/apps/bootstrap-sass/spec/dummy/app/assets/stylesheets
  /Users/vkatz/.rbenv/versions/2.3.0/lib/ruby/gems/2.3.0/gems/jquery-rails-4.1.1/vendor/assets/javascripts
  /data/apps/bootstrap-sass/assets/stylesheets
  /data/apps/bootstrap-sass/assets/javascripts
  /data/apps/bootstrap-sass/assets/fonts
  /data/apps/bootstrap-sass/assets/images):
    2: <html>
    3: <head>
    4:   <title>Dummy</title>
    5:   <%= stylesheet_link_tag    'application', media: 'all', 'data-turbolinks-track' => true %>
    6:   <%= javascript_include_tag 'application', 'data-turbolinks-track' => true %>
    7:   <%= csrf_meta_tags %>
    8: </head>
  
app/assets/stylesheets/application.scss:11
app/views/layouts/application.html.erb:5:in `_app_views_layouts_application_html_erb__2504063813826347817_70134449314580'
  Rendering /Users/vkatz/.rbenv/versions/2.3.0/lib/ruby/gems/2.3.0/gems/actionpack-5.0.0/lib/action_dispatch/middleware/templates/rescues/template_error.html.erb within rescues/layout
  Rendering /Users/vkatz/.rbenv/versions/2.3.0/lib/ruby/gems/2.3.0/gems/actionpack-5.0.0/lib/action_dispatch/middleware/templates/rescues/_source.html.erb
  Rendered /Users/vkatz/.rbenv/versions/2.3.0/lib/ruby/gems/2.3.0/gems/actionpack-5.0.0/lib/action_dispatch/middleware/templates/rescues/_source.html.erb (6.7ms)
  Rendering /Users/vkatz/.rbenv/versions/2.3.0/lib/ruby/gems/2.3.0/gems/actionpack-5.0.0/lib/action_dispatch/middleware/templates/rescues/_trace.html.erb
  Rendered /Users/vkatz/.rbenv/versions/2.3.0/lib/ruby/gems/2.3.0/gems/actionpack-5.0.0/lib/action_dispatch/middleware/templates/rescues/_trace.html.erb (5.0ms)
  Rendering /Users/vkatz/.rbenv/versions/2.3.0/lib/ruby/gems/2.3.0/gems/actionpack-5.0.0/lib/action_dispatch/middleware/templates/rescues/_request_and_response.html.erb
  Rendered /Users/vkatz/.rbenv/versions/2.3.0/lib/ruby/gems/2.3.0/gems/actionpack-5.0.0/lib/action_dispatch/middleware/templates/rescues/_request_and_response.html.erb (1.2ms)
  Rendered /Users/vkatz/.rbenv/versions/2.3.0/lib/ruby/gems/2.3.0/gems/actionpack-5.0.0/lib/action_dispatch/middleware/templates/rescues/template_error.html.erb within rescues/layout (67.5ms)
Started GET "/" for ::1 at 2016-07-28 13:19:26 -0700
Processing by PagesController#root as HTML
  Rendering pages/root.haml within layouts/application
  Rendered pages/root.haml within layouts/application (1.3ms)
Completed 200 OK in 2133ms (Views: 2131.4ms)


Started GET "/assets/application.self-abcf6b8c877ff8b08c607cb5e82944e12eddd20671598992d930675481a0a8e1.css?body=1" for ::1 at 2016-07-28 13:19:28 -0700
Started GET "/assets/application.self-8f06a73c35179188914ab50e057157639fce1401c1cdca640ac9cec33746fc5b.js?body=1" for ::1 at 2016-07-28 13:19:28 -0700
Started GET "/" for ::1 at 2016-07-28 13:26:36 -0700
Processing by PagesController#root as HTML
  Rendering pages/root.haml within layouts/application
  Rendered pages/root.haml within layouts/application (0.9ms)
Completed 200 OK in 21ms (Views: 19.1ms)


Started GET "/assets/application.self-abcf6b8c877ff8b08c607cb5e82944e12eddd20671598992d930675481a0a8e1.css?body=1" for ::1 at 2016-07-28 13:26:36 -0700
Started GET "/assets/application.self-8f06a73c35179188914ab50e057157639fce1401c1cdca640ac9cec33746fc5b.js?body=1" for ::1 at 2016-07-28 13:26:36 -0700
Started GET "/" for ::1 at 2016-07-28 13:26:58 -0700
Processing by PagesController#root as HTML
  Rendering pages/root.haml within layouts/application
  Rendered pages/root.haml within layouts/application (0.7ms)
Completed 200 OK in 1130ms (Views: 1127.7ms)


Started GET "/assets/application.self-8f06a73c35179188914ab50e057157639fce1401c1cdca640ac9cec33746fc5b.js?body=1" for ::1 at 2016-07-28 13:26:59 -0700
Started GET "/assets/application.self-1cdb412eb67eef1d1df41ad8f5bc9b22a555e320f04945b2a5f583a0e8b26d65.css?body=1" for ::1 at 2016-07-28 13:26:59 -0700
Started GET "/" for ::1 at 2016-07-28 13:40:15 -0700
Processing by PagesController#root as HTML
  Rendering pages/root.haml within layouts/application
  Rendered pages/root.haml within layouts/application (0.8ms)
Completed 200 OK in 960ms (Views: 958.3ms)


Started GET "/assets/application.self-abcf6b8c877ff8b08c607cb5e82944e12eddd20671598992d930675481a0a8e1.css?body=1" for ::1 at 2016-07-28 13:40:16 -0700
Started GET "/assets/application.self-8f06a73c35179188914ab50e057157639fce1401c1cdca640ac9cec33746fc5b.js?body=1" for ::1 at 2016-07-28 13:40:16 -0700
Started GET "/" for ::1 at 2016-07-28 13:40:54 -0700
Processing by PagesController#root as HTML
  Rendering pages/root.haml within layouts/application
  Rendered pages/root.haml within layouts/application (0.8ms)
Completed 200 OK in 1044ms (Views: 1043.1ms)


Started GET "/assets/application.self-2050e4b7f8ebfc8f509002424fc626bc066e035743d26c13fd2a8d071f1b5e79.css?body=1" for ::1 at 2016-07-28 13:40:56 -0700
Started GET "/assets/application.self-8f06a73c35179188914ab50e057157639fce1401c1cdca640ac9cec33746fc5b.js?body=1" for ::1 at 2016-07-28 13:40:56 -0700
